2026-04-26 18:34:05,883 | INFO | === Training Configuration ===
2026-04-26 18:34:05,883 | INFO | run_timestamp=20260426_183404_669391
2026-04-26 18:34:05,883 | INFO | data_root=D:\PYproject\SPADdata\2025-04-30-dpc
2026-04-26 18:34:05,883 | INFO | device=cuda
2026-04-26 18:34:05,883 | INFO | model=dgcnn
2026-04-26 18:34:05,883 | INFO | num_classes=26
2026-04-26 18:34:05,884 | INFO | num_labeled_samples=8528
2026-04-26 18:34:05,884 | INFO | num_unlabeled_samples=0
2026-04-26 18:34:05,884 | INFO | split train/val/test = 5970 / 1279 / 1279
2026-04-26 18:34:05,884 | INFO | unlabeled_loader_exists=no
2026-04-26 18:34:05,884 | INFO | args={"data_root": "D:\\PYproject\\SPADdata\\2025-04-30-dpc", "model": "dgcnn", "epochs": 10, "batch_size": 16, "num_points": 1024, "lr": 0.001, "min_lr": 1e-05, "weight_decay": 0.0001, "train_ratio": 0.7, "val_ratio": 0.15, "test_ratio": 0.15, "num_workers": 0, "seed": 42, "device": "auto", "log_dir": "logs", "save_dir": "checkpoints", "resume": "", "label_mode": "raw", "cls_loss_weight": 1.0, "box_l1_weight": 1.0, "box_iou_weight": 1.0, "label_smoothing": 0.0, "augment_train": true, "augment_eval": true}
2026-04-26 18:34:48,612 | INFO | Epoch [1/10] | train_loss=2.1887 train_top1=0.2901 train_top3=0.5869 | val_loss=1.6913 val_top1=0.4152 val_top3=0.7514
2026-04-26 18:34:48,633 | INFO | Saved new best checkpoint to D:\PYproject\SPAD\checkpoints\dgcnn_20260426_183404_669391_best.pth
2026-04-26 18:35:30,051 | INFO | Epoch [2/10] | train_loss=1.4145 train_top1=0.5168 train_top3=0.8362 | val_loss=1.4705 val_top1=0.4918 val_top3=0.8303
2026-04-26 18:35:30,073 | INFO | Saved new best checkpoint to D:\PYproject\SPAD\checkpoints\dgcnn_20260426_183404_669391_best.pth
2026-04-26 18:36:10,951 | INFO | Epoch [3/10] | train_loss=0.8745 train_top1=0.7057 train_top3=0.9419 | val_loss=0.5774 val_top1=0.8124 val_top3=0.9812
2026-04-26 18:36:10,976 | INFO | Saved new best checkpoint to D:\PYproject\SPAD\checkpoints\dgcnn_20260426_183404_669391_best.pth
2026-04-26 18:36:52,744 | INFO | Epoch [4/10] | train_loss=0.5629 train_top1=0.8156 train_top3=0.9719 | val_loss=0.7897 val_top1=0.7248 val_top3=0.9335
2026-04-26 18:37:34,373 | INFO | Epoch [5/10] | train_loss=0.3597 train_top1=0.8874 train_top3=0.9871 | val_loss=0.7614 val_top1=0.7592 val_top3=0.9421
2026-04-26 18:38:15,591 | INFO | Epoch [6/10] | train_loss=0.2610 train_top1=0.9233 train_top3=0.9908 | val_loss=0.2625 val_top1=0.9257 val_top3=0.9930
2026-04-26 18:38:15,619 | INFO | Saved new best checkpoint to D:\PYproject\SPAD\checkpoints\dgcnn_20260426_183404_669391_best.pth
2026-04-26 18:38:56,822 | INFO | Epoch [7/10] | train_loss=0.1749 train_top1=0.9524 train_top3=0.9951 | val_loss=0.1617 val_top1=0.9593 val_top3=0.9930
2026-04-26 18:38:56,844 | INFO | Saved new best checkpoint to D:\PYproject\SPAD\checkpoints\dgcnn_20260426_183404_669391_best.pth
2026-04-26 18:39:37,863 | INFO | Epoch [8/10] | train_loss=0.1283 train_top1=0.9685 train_top3=0.9973 | val_loss=0.1310 val_top1=0.9664 val_top3=0.9945
2026-04-26 18:39:37,887 | INFO | Saved new best checkpoint to D:\PYproject\SPAD\checkpoints\dgcnn_20260426_183404_669391_best.pth
2026-04-26 18:40:18,926 | INFO | Epoch [9/10] | train_loss=0.0937 train_top1=0.9784 train_top3=0.9983 | val_loss=0.1194 val_top1=0.9687 val_top3=0.9953
2026-04-26 18:40:18,949 | INFO | Saved new best checkpoint to D:\PYproject\SPAD\checkpoints\dgcnn_20260426_183404_669391_best.pth
2026-04-26 18:41:01,330 | INFO | Epoch [10/10] | train_loss=0.0814 train_top1=0.9812 train_top3=0.9993 | val_loss=0.1134 val_top1=0.9711 val_top3=0.9953
2026-04-26 18:41:01,355 | INFO | Saved new best checkpoint to D:\PYproject\SPAD\checkpoints\dgcnn_20260426_183404_669391_best.pth
2026-04-26 18:41:01,377 | INFO | Saved last checkpoint to D:\PYproject\SPAD\checkpoints\dgcnn_20260426_183404_669391_last.pth
2026-04-26 18:41:01,377 | INFO | Training finished. Best val top1=0.9711
